13:06:04.227 INF โ Notizap API iniciada correctamente 
13:06:04.320 INF User profile is available. Using 'C:\Users\Administrador\AppData\Local\ASP.NET\DataProtection-Keys' as key repository and Windows DPAPI to encrypt keys at rest. 
13:06:04.594 INF Now listening on: http://localhost:5090 
13:06:04.597 INF Application started. Press Ctrl+C to shut down. 
13:06:04.599 INF Hosting environment: Development 
13:06:04.600 INF Content root path: C:\Users\Administrador\Documents\proyectos\Notizap\BACKEND\src\notizap.api 
13:06:32.518 INF Request starting HTTP/1.1 GET http://localhost:5090/swagger/index.html - null null 
13:06:32.564 INF โโโโโโโโโโโโโโโโโโโโโโโโโโโโโโโโโโโโโโโโโโโโโโโโโโโโโโโโโโโโโโโโโโโโโโโโโโโ 
13:06:32.567 INF โ ๐ NUEVA REQUEST: GET /swagger/index.html | ID: 0HNEAPG7 | Mozilla/5.0 
13:06:32.569 INF โโโโโโโโโโโโโโโโโโโโโโโโโโโโโโโโโโโโโโโโโโโโโโโโโโโโโโโโโโโโโโโโโโโโโโโโโโโ 
13:06:32.573 WRN Failed to determine the https port for redirect. 
13:06:32.703 INF โโโโโโโโโโโโโโโโโโโโโโโโโโโโโโโโโโโโโโโโโโโโโโโโโโโโโโโโโโโโโโโโโโโโโโโโโโโ 
13:06:32.705 INF โ โ FIN REQUEST: GET /swagger/index.html | 200 | 133ms | ID: 0HNEAPG7 
13:06:32.708 INF โโโโโโโโโโโโโโโโโโโโโโโโโโโโโโโโโโโโโโโโโโโโโโโโโโโโโโโโโโโโโโโโโโโโโโโโโโโ 
13:06:32.709 INF  
13:06:32.711 INF HTTP GET /swagger/index.html responded 200 in 148.4768 ms 
13:06:32.718 INF Request finished HTTP/1.1 GET http://localhost:5090/swagger/index.html - 200 null text/html;charset=utf-8 201.9192ms 
13:06:32.724 INF Request starting HTTP/1.1 GET http://localhost:5090/swagger/index.css - null null 
13:06:32.724 INF Request starting HTTP/1.1 GET http://localhost:5090/swagger/swagger-ui-bundle.js - null null 
13:06:32.726 INF Request starting HTTP/1.1 GET http://localhost:5090/swagger/swagger-ui.css - null null 
13:06:32.727 INF โโโโโโโโโโโโโโโโโโโโโโโโโโโโโโโโโโโโโโโโโโโโโโโโโโโโโโโโโโโโโโโโโโโโโโโโโโโ 
13:06:32.729 INF โโโโโโโโโโโโโโโโโโโโโโโโโโโโโโโโโโโโโโโโโโโโโโโโโโโโโโโโโโโโโโโโโโโโโโโโโโโ 
13:06:32.731 INF โโโโโโโโโโโโโโโโโโโโโโโโโโโโโโโโโโโโโโโโโโโโโโโโโโโโโโโโโโโโโโโโโโโโโโโโโโโ 
13:06:32.732 INF โ ๐ NUEVA REQUEST: GET /swagger/index.css | ID: 0HNEAPG7 | Mozilla/5.0 
13:06:32.733 INF โ ๐ NUEVA REQUEST: GET /swagger/swagger-ui-bundle.js | ID: 0HNEAPG7 | Mozilla/5.0 
13:06:32.734 INF โ ๐ NUEVA REQUEST: GET /swagger/swagger-ui.css | ID: 0HNEAPG7 | Mozilla/5.0 
13:06:32.735 INF โโโโโโโโโโโโโโโโโโโโโโโโโโโโโโโโโโโโโโโโโโโโโโโโโโโโโโโโโโโโโโโโโโโโโโโโโโโ 
13:06:32.737 INF โโโโโโโโโโโโโโโโโโโโโโโโโโโโโโโโโโโโโโโโโโโโโโโโโโโโโโโโโโโโโโโโโโโโโโโโโโโ 
13:06:32.738 INF โโโโโโโโโโโโโโโโโโโโโโโโโโโโโโโโโโโโโโโโโโโโโโโโโโโโโโโโโโโโโโโโโโโโโโโโโโโ 
13:06:32.748 INF Sending file. Request path: '/index.css'. Physical path: 'N/A' 
13:06:32.750 INF โโโโโโโโโโโโโโโโโโโโโโโโโโโโโโโโโโโโโโโโโโโโโโโโโโโโโโโโโโโโโโโโโโโโโโโโโโโ 
13:06:32.751 INF โ โ FIN REQUEST: GET /swagger/index.css | 200 | 10ms | ID: 0HNEAPG7 
13:06:32.753 INF โโโโโโโโโโโโโโโโโโโโโโโโโโโโโโโโโโโโโโโโโโโโโโโโโโโโโโโโโโโโโโโโโโโโโโโโโโโ 
13:06:32.754 INF Sending file. Request path: '/swagger-ui.css'. Physical path: 'N/A' 
13:06:32.755 INF  
13:06:32.757 INF HTTP GET /swagger/index.css responded 200 in 30.3525 ms 
13:06:32.757 INF โโโโโโโโโโโโโโโโโโโโโโโโโโโโโโโโโโโโโโโโโโโโโโโโโโโโโโโโโโโโโโโโโโโโโโโโโโโ 
13:06:32.759 INF Request finished HTTP/1.1 GET http://localhost:5090/swagger/index.css - 200 202 text/css 35.4875ms 
13:06:32.760 INF โ โ FIN REQUEST: GET /swagger/swagger-ui.css | 200 | 16ms | ID: 0HNEAPG7 
13:06:32.762 INF Request starting HTTP/1.1 GET http://localhost:5090/swagger/swagger-ui-standalone-preset.js - null null 
13:06:32.764 INF โโโโโโโโโโโโโโโโโโโโโโโโโโโโโโโโโโโโโโโโโโโโโโโโโโโโโโโโโโโโโโโโโโโโโโโโโโโ 
13:06:32.766 INF โโโโโโโโโโโโโโโโโโโโโโโโโโโโโโโโโโโโโโโโโโโโโโโโโโโโโโโโโโโโโโโโโโโโโโโโโโโ 
13:06:32.767 INF  
13:06:32.768 INF โ ๐ NUEVA REQUEST: GET /swagger/swagger-ui-standalone-preset.js | ID: 0HNEAPG7 | Mozilla/5.0 
13:06:32.769 INF HTTP GET /swagger/swagger-ui.css responded 200 in 37.8990 ms 
13:06:32.770 INF โโโโโโโโโโโโโโโโโโโโโโโโโโโโโโโโโโโโโโโโโโโโโโโโโโโโโโโโโโโโโโโโโโโโโโโโโโโ 
13:06:32.772 INF Request finished HTTP/1.1 GET http://localhost:5090/swagger/swagger-ui.css - 200 154949 text/css 46.1498ms 
13:06:32.776 INF Request starting HTTP/1.1 GET http://localhost:5090/swagger/index.js - null null 
13:06:32.776 INF Sending file. Request path: '/swagger-ui-bundle.js'. Physical path: 'N/A' 
13:06:32.777 INF Sending file. Request path: '/swagger-ui-standalone-preset.js'. Physical path: 'N/A' 
13:06:32.779 INF โโโโโโโโโโโโโโโโโโโโโโโโโโโโโโโโโโโโโโโโโโโโโโโโโโโโโโโโโโโโโโโโโโโโโโโโโโโ 
13:06:32.780 INF โโโโโโโโโโโโโโโโโโโโโโโโโโโโโโโโโโโโโโโโโโโโโโโโโโโโโโโโโโโโโโโโโโโโโโโโโโโ 
13:06:32.781 INF โโโโโโโโโโโโโโโโโโโโโโโโโโโโโโโโโโโโโโโโโโโโโโโโโโโโโโโโโโโโโโโโโโโโโโโโโโโ 
13:06:32.782 INF โ ๐ NUEVA REQUEST: GET /swagger/index.js | ID: 0HNEAPG7 | Mozilla/5.0 
13:06:32.783 INF โ โ FIN REQUEST: GET /swagger/swagger-ui-bundle.js | 200 | 40ms | ID: 0HNEAPG7 
13:06:32.784 INF โ โ FIN REQUEST: GET /swagger/swagger-ui-standalone-preset.js | 200 | 8ms | ID: 0HNEAPG7 
13:06:32.786 INF โโโโโโโโโโโโโโโโโโโโโโโโโโโโโโโโโโโโโโโโโโโโโโโโโโโโโโโโโโโโโโโโโโโโโโโโโโโ 
13:06:32.787 INF โโโโโโโโโโโโโโโโโโโโโโโโโโโโโโโโโโโโโโโโโโโโโโโโโโโโโโโโโโโโโโโโโโโโโโโโโโโ 
13:06:32.789 INF โโโโโโโโโโโโโโโโโโโโโโโโโโโโโโโโโโโโโโโโโโโโโโโโโโโโโโโโโโโโโโโโโโโโโโโโโโโ 
13:06:32.791 INF  
13:06:32.791 INF โโโโโโโโโโโโโโโโโโโโโโโโโโโโโโโโโโโโโโโโโโโโโโโโโโโโโโโโโโโโโโโโโโโโโโโโโโโ 
13:06:32.792 INF  
13:06:32.793 INF HTTP GET /swagger/swagger-ui-bundle.js responded 200 in 64.0295 ms 
13:06:32.794 INF โ โ FIN REQUEST: GET /swagger/index.js | 200 | 0ms | ID: 0HNEAPG7 
13:06:32.796 INF HTTP GET /swagger/swagger-ui-standalone-preset.js responded 200 in 29.8638 ms 
13:06:32.797 INF Request finished HTTP/1.1 GET http://localhost:5090/swagger/swagger-ui-bundle.js - 200 1466908 text/javascript 74.0809ms 
13:06:32.799 INF โโโโโโโโโโโโโโโโโโโโโโโโโโโโโโโโโโโโโโโโโโโโโโโโโโโโโโโโโโโโโโโโโโโโโโโโโโโ 
13:06:32.801 INF Request finished HTTP/1.1 GET http://localhost:5090/swagger/swagger-ui-standalone-preset.js - 200 229223 text/javascript 38.9606ms 
13:06:32.804 INF  
13:06:32.807 INF HTTP GET /swagger/index.js responded 200 in 28.4664 ms 
13:06:32.809 INF Request finished HTTP/1.1 GET http://localhost:5090/swagger/index.js - 200 null application/javascript;charset=utf-8 32.9779ms 
13:06:33.028 INF Request starting HTTP/1.1 GET http://localhost:5090/swagger/v1/swagger.json - null null 
13:06:33.031 INF โโโโโโโโโโโโโโโโโโโโโโโโโโโโโโโโโโโโโโโโโโโโโโโโโโโโโโโโโโโโโโโโโโโโโโโโโโโ 
13:06:33.033 INF โ ๐ NUEVA REQUEST: GET /swagger/v1/swagger.json | ID: 0HNEAPG7 | Mozilla/5.0 
13:06:33.037 INF โโโโโโโโโโโโโโโโโโโโโโโโโโโโโโโโโโโโโโโโโโโโโโโโโโโโโโโโโโโโโโโโโโโโโโโโโโโ 
13:06:33.063 INF Request starting HTTP/1.1 GET http://localhost:5090/swagger/favicon-32x32.png - null null 
13:06:33.067 INF โโโโโโโโโโโโโโโโโโโโโโโโโโโโโโโโโโโโโโโโโโโโโโโโโโโโโโโโโโโโโโโโโโโโโโโโโโโ 
13:06:33.070 INF โ ๐ NUEVA REQUEST: GET /swagger/favicon-32x32.png | ID: 0HNEAPG7 | Mozilla/5.0 
13:06:33.072 INF โโโโโโโโโโโโโโโโโโโโโโโโโโโโโโโโโโโโโโโโโโโโโโโโโโโโโโโโโโโโโโโโโโโโโโโโโโโ 
13:06:33.074 INF Sending file. Request path: '/favicon-32x32.png'. Physical path: 'N/A' 
13:06:33.077 INF โโโโโโโโโโโโโโโโโโโโโโโโโโโโโโโโโโโโโโโโโโโโโโโโโโโโโโโโโโโโโโโโโโโโโโโโโโโ 
13:06:33.079 INF โ โ FIN REQUEST: GET /swagger/favicon-32x32.png | 200 | 3ms | ID: 0HNEAPG7 
13:06:33.082 INF โโโโโโโโโโโโโโโโโโโโโโโโโโโโโโโโโโโโโโโโโโโโโโโโโโโโโโโโโโโโโโโโโโโโโโโโโโโ 
13:06:33.085 INF  
13:06:33.087 INF HTTP GET /swagger/favicon-32x32.png responded 200 in 19.6235 ms 
13:06:33.089 INF Request finished HTTP/1.1 GET http://localhost:5090/swagger/favicon-32x32.png - 200 628 image/png 26.09ms 
13:06:33.343 INF โโโโโโโโโโโโโโโโโโโโโโโโโโโโโโโโโโโโโโโโโโโโโโโโโโโโโโโโโโโโโโโโโโโโโโโโโโโ 
13:06:33.345 INF โ โ FIN REQUEST: GET /swagger/v1/swagger.json | 200 | 304ms | ID: 0HNEAPG7 
13:06:33.347 INF โโโโโโโโโโโโโโโโโโโโโโโโโโโโโโโโโโโโโโโโโโโโโโโโโโโโโโโโโโโโโโโโโโโโโโโโโโโ 
13:06:33.347 INF  
13:06:33.349 INF HTTP GET /swagger/v1/swagger.json responded 200 in 317.5736 ms 
13:06:33.351 INF Request finished HTTP/1.1 GET http://localhost:5090/swagger/v1/swagger.json - 200 null application/json;charset=utf-8 323.7151ms 
13:07:39.061 INF Request starting HTTP/1.1 POST http://localhost:5090/api/v1/archivos-usuario/subir - multipart/form-data; boundary=----WebKitFormBoundaryytw0HLxJogURaD2G 11196498 
13:07:39.070 INF โโโโโโโโโโโโโโโโโโโโโโโโโโโโโโโโโโโโโโโโโโโโโโโโโโโโโโโโโโโโโโโโโโโโโโโโโโโ 
13:07:39.073 INF โ ๐ NUEVA REQUEST: POST /api/v1/archivos-usuario/subir | ID: 0HNEAPG7 | Mozilla/5.0 
13:07:39.076 INF โโโโโโโโโโโโโโโโโโโโโโโโโโโโโโโโโโโโโโโโโโโโโโโโโโโโโโโโโโโโโโโโโโโโโโโโโโโ 
13:07:39.079 INF CORS policy execution failed. 
13:07:39.082 INF Request origin http://localhost:5090 does not have permission to access the resource. 
13:07:39.357 INF Executing endpoint 'ArchivoUsuarioController.SubirArchivo (Notizap.Api)' 
13:07:39.387 INF Route matched with {action = "SubirArchivo", controller = "ArchivoUsuario"}. Executing controller action with signature System.Threading.Tasks.Task`1[Microsoft.AspNetCore.Mvc.ActionResult`1[ArchivoUsuarioDto]] SubirArchivo(SubirArchivoRequest) on controller ArchivoUsuarioController (Notizap.Api). 
13:07:39.803 INF ๐ Subiendo archivo para usuario 1: ventasdetalles1febrero24julio.xlsx 
13:07:42.175 INF โ Archivo subido exitosamente: 1 
13:07:42.195 INF ๐ Usuario 1 subiรณ archivo: 1 
13:07:42.204 INF Executing OkObjectResult, writing value of type 'ArchivoUsuarioDto'. 
13:07:42.244 INF Executed action ArchivoUsuarioController.SubirArchivo (Notizap.Api) in 2849.1332ms 
13:07:42.246 INF Executed endpoint 'ArchivoUsuarioController.SubirArchivo (Notizap.Api)' 
13:07:42.248 INF โโโโโโโโโโโโโโโโโโโโโโโโโโโโโโโโโโโโโโโโโโโโโโโโโโโโโโโโโโโโโโโโโโโโโโโโโโโ 
13:07:42.249 INF โ โ FIN REQUEST: POST /api/v1/archivos-usuario/subir | 200 | 3170ms | ID: 0HNEAPG7 
13:07:42.251 INF โโโโโโโโโโโโโโโโโโโโโโโโโโโโโโโโโโโโโโโโโโโโโโโโโโโโโโโโโโโโโโโโโโโโโโโโโโโ 
13:07:42.253 INF  
13:07:42.253 INF HTTP POST /api/v1/archivos-usuario/subir responded 200 in 3183.2997 ms 
13:07:42.265 INF Request finished HTTP/1.1 POST http://localhost:5090/api/v1/archivos-usuario/subir - 200 null application/json; charset=utf-8 3203.8607ms 
13:09:19.033 INF Request starting HTTP/1.1 GET http://localhost:5090/api/v1/archivos-usuario - null null 
13:09:19.039 INF โโโโโโโโโโโโโโโโโโโโโโโโโโโโโโโโโโโโโโโโโโโโโโโโโโโโโโโโโโโโโโโโโโโโโโโโโโโ 
13:09:19.040 INF โ ๐ NUEVA REQUEST: GET /api/v1/archivos-usuario | ID: 0HNEAPG7 | Mozilla/5.0 
13:09:19.042 INF โโโโโโโโโโโโโโโโโโโโโโโโโโโโโโโโโโโโโโโโโโโโโโโโโโโโโโโโโโโโโโโโโโโโโโโโโโโ 
13:09:19.052 INF Executing endpoint 'ArchivoUsuarioController.ListarArchivos (Notizap.Api)' 
13:09:19.063 INF Route matched with {action = "ListarArchivos", controller = "ArchivoUsuario"}. Executing controller action with signature System.Threading.Tasks.Task`1[Microsoft.AspNetCore.Mvc.ActionResult`1[ListarArchivosResponse]] ListarArchivos(ListarArchivosRequest) on controller ArchivoUsuarioController (Notizap.Api). 
13:09:19.467 INF Executing OkObjectResult, writing value of type 'ListarArchivosResponse'. 
13:09:19.472 INF Executed action ArchivoUsuarioController.ListarArchivos (Notizap.Api) in 405.6165ms 
13:09:19.475 INF Executed endpoint 'ArchivoUsuarioController.ListarArchivos (Notizap.Api)' 
13:09:19.475 INF โโโโโโโโโโโโโโโโโโโโโโโโโโโโโโโโโโโโโโโโโโโโโโโโโโโโโโโโโโโโโโโโโโโโโโโโโโโ 
13:09:19.476 INF โ โ FIN REQUEST: GET /api/v1/archivos-usuario | 200 | 431ms | ID: 0HNEAPG7 
13:09:19.478 INF โโโโโโโโโโโโโโโโโโโโโโโโโโโโโโโโโโโโโโโโโโโโโโโโโโโโโโโโโโโโโโโโโโโโโโโโโโโ 
13:09:19.479 INF  
13:09:19.479 INF HTTP GET /api/v1/archivos-usuario responded 200 in 440.4322 ms 
13:09:19.481 INF Request finished HTTP/1.1 GET http://localhost:5090/api/v1/archivos-usuario - 200 null application/json; charset=utf-8 448.1335ms 
13:09:42.131 INF Request starting HTTP/1.1 GET http://localhost:5090/api/v1/archivos-usuario/1 - null null 
13:09:42.136 INF โโโโโโโโโโโโโโโโโโโโโโโโโโโโโโโโโโโโโโโโโโโโโโโโโโโโโโโโโโโโโโโโโโโโโโโโโโโ 
13:09:42.137 INF โ ๐ NUEVA REQUEST: GET /api/v1/archivos-usuario/1 | ID: 0HNEAPG7 | Mozilla/5.0 
13:09:42.139 INF โโโโโโโโโโโโโโโโโโโโโโโโโโโโโโโโโโโโโโโโโโโโโโโโโโโโโโโโโโโโโโโโโโโโโโโโโโโ 
13:09:42.144 INF Executing endpoint 'ArchivoUsuarioController.ObtenerPorId (Notizap.Api)' 
13:09:42.156 INF Route matched with {action = "ObtenerPorId", controller = "ArchivoUsuario"}. Executing controller action with signature System.Threading.Tasks.Task`1[Microsoft.AspNetCore.Mvc.ActionResult`1[ArchivoUsuarioDto]] ObtenerPorId(Int32) on controller ArchivoUsuarioController (Notizap.Api). 
13:09:42.194 INF Executing OkObjectResult, writing value of type 'ArchivoUsuarioDto'. 
13:09:42.196 INF Executed action ArchivoUsuarioController.ObtenerPorId (Notizap.Api) in 34.9208ms 
13:09:42.198 INF Executed endpoint 'ArchivoUsuarioController.ObtenerPorId (Notizap.Api)' 
13:09:42.201 INF โโโโโโโโโโโโโโโโโโโโโโโโโโโโโโโโโโโโโโโโโโโโโโโโโโโโโโโโโโโโโโโโโโโโโโโโโโโ 
13:09:42.202 INF โ โ FIN REQUEST: GET /api/v1/archivos-usuario/1 | 200 | 61ms | ID: 0HNEAPG7 
13:09:42.203 INF โโโโโโโโโโโโโโโโโโโโโโโโโโโโโโโโโโโโโโโโโโโโโโโโโโโโโโโโโโโโโโโโโโโโโโโโโโโ 
13:09:42.204 INF  
13:09:42.205 INF HTTP GET /api/v1/archivos-usuario/1 responded 200 in 69.8575 ms 
13:09:42.207 INF Request finished HTTP/1.1 GET http://localhost:5090/api/v1/archivos-usuario/1 - 200 null application/json; charset=utf-8 76.3466ms 
13:10:07.519 INF Request starting HTTP/1.1 GET http://localhost:5090/api/v1/archivos-usuario/1/descargar - null null 
13:10:07.523 INF โโโโโโโโโโโโโโโโโโโโโโโโโโโโโโโโโโโโโโโโโโโโโโโโโโโโโโโโโโโโโโโโโโโโโโโโโโโ 
13:10:07.525 INF โ ๐ NUEVA REQUEST: GET /api/v1/archivos-usuario/1/descargar | ID: 0HNEAPG7 | Mozilla/5.0 
13:10:07.526 INF โโโโโโโโโโโโโโโโโโโโโโโโโโโโโโโโโโโโโโโโโโโโโโโโโโโโโโโโโโโโโโโโโโโโโโโโโโโ 
13:10:07.529 INF Executing endpoint 'ArchivoUsuarioController.DescargarArchivo (Notizap.Api)' 
13:10:07.533 INF Route matched with {action = "DescargarArchivo", controller = "ArchivoUsuario"}. Executing controller action with signature System.Threading.Tasks.Task`1[Microsoft.AspNetCore.Mvc.IActionResult] DescargarArchivo(Int32) on controller ArchivoUsuarioController (Notizap.Api). 
13:10:07.593 INF โฌ๏ธ Usuario 1 descargรณ archivo: 1 
13:10:07.597 INF Executing FileContentResult, sending file with download name 'ventasdetalles1febrero24julio.xlsx' ... 
13:10:07.632 INF Executed action ArchivoUsuarioController.DescargarArchivo (Notizap.Api) in 97.362ms 
13:10:07.636 INF Executed endpoint 'ArchivoUsuarioController.DescargarArchivo (Notizap.Api)' 
13:10:07.637 INF โโโโโโโโโโโโโโโโโโโโโโโโโโโโโโโโโโโโโโโโโโโโโโโโโโโโโโโโโโโโโโโโโโโโโโโโโโโ 
13:10:07.638 INF โ โ FIN REQUEST: GET /api/v1/archivos-usuario/1/descargar | 200 | 108ms | ID: 0HNEAPG7 
13:10:07.640 INF โโโโโโโโโโโโโโโโโโโโโโโโโโโโโโโโโโโโโโโโโโโโโโโโโโโโโโโโโโโโโโโโโโโโโโโโโโโ 
13:10:07.641 INF  
13:10:07.642 INF HTTP GET /api/v1/archivos-usuario/1/descargar responded 200 in 119.1934 ms 
13:10:07.644 INF Request finished HTTP/1.1 GET http://localhost:5090/api/v1/archivos-usuario/1/descargar - 200 11195689 application/vnd.openxmlformats-officedocument.spreadsheetml.sheet 124.7333ms 
